# JRE version: OpenJDK Runtime Environment (14.0.2+12) (build 14.0.2+12-46)
# Java VM: OpenJDK 64-Bit Server VM (14.0.2+12-46, mixed mode, tiered, compressed oops, g1 gc, windows-amd64)
Heap:
 garbage-first heap   total 54272K, used 42507K [0x0000000090c00000, 0x0000000100000000)
  region size 1024K, 27 young (27648K), 2 survivors (2048K)
 Metaspace       used 39494K, capacity 40498K, committed 40704K, reserved 1085440K
  class space    used 4917K, capacity 5278K, committed 5376K, reserved 1048576K
GC Heap History (20 events):
Event: 5.564 GC heap before
{Heap before GC invocations=7 (full 0):
 garbage-first heap   total 45056K, used 30957K [0x0000000090c00000, 0x0000000100000000)
  region size 1024K, 21 young (21504K), 2 survivors (2048K)
 Metaspace       used 25851K, capacity 26443K, committed 26496K, reserved 1073152K
  class space    used 2998K, capacity 3200K, committed 3200K, reserved 1048576K
}
Event: 5.572 GC heap after
{Heap after GC invocations=8 (full 0):
 garbage-first heap   total 45056K, used 13598K [0x0000000090c00000, 0x0000000100000000)
  region size 1024K, 2 young (2048K), 2 survivors (2048K)
 Metaspace       used 25851K, capacity 26443K, committed 26496K, reserved 1073152K
  class space    used 2998K, capacity 3200K, committed 3200K, reserved 1048576K
}
Event: 5.582 GC heap before
{Heap before GC invocations=8 (full 0):
 garbage-first heap   total 45056K, used 32030K [0x0000000090c00000, 0x0000000100000000)
  region size 1024K, 21 young (21504K), 2 survivors (2048K)
 Metaspace       used 25891K, capacity 26507K, committed 26752K, reserved 1073152K
  class space    used 3004K, capacity 3200K, committed 3200K, reserved 1048576K
}
Event: 5.587 GC heap after
{Heap after GC invocations=9 (full 0):
 garbage-first heap   total 45056K, used 13623K [0x0000000090c00000, 0x0000000100000000)
  region size 1024K, 1 young (1024K), 1 survivors (1024K)
 Metaspace       used 25891K, capacity 26507K, committed 26752K, reserved 1073152K
  class space    used 3004K, capacity 3200K, committed 3200K, reserved 1048576K
}
Event: 5.681 GC heap before
{Heap before GC invocations=9 (full 0):
 garbage-first heap   total 45056K, used 33079K [0x0000000090c00000, 0x0000000100000000)
  region size 1024K, 21 young (21504K), 1 survivors (1024K)
 Metaspace       used 26563K, capacity 27147K, committed 27392K, reserved 1073152K
  class space    used 3058K, capacity 3264K, committed 3328K, reserved 1048576K
}
Event: 5.683 GC heap after
{Heap after GC invocations=10 (full 0):
 garbage-first heap   total 45056K, used 13677K [0x0000000090c00000, 0x0000000100000000)
  region size 1024K, 1 young (1024K), 1 survivors (1024K)
 Metaspace       used 26563K, capacity 27147K, committed 27392K, reserved 1073152K
  class space    used 3058K, capacity 3264K, committed 3328K, reserved 1048576K
}
Event: 6.195 GC heap before
{Heap before GC invocations=10 (full 0):
 garbage-first heap   total 45056K, used 35181K [0x0000000090c00000, 0x0000000100000000)
  region size 1024K, 22 young (22528K), 1 survivors (1024K)
 Metaspace       used 29049K, capacity 29618K, committed 29696K, reserved 1075200K
  class space    used 3371K, capacity 3577K, committed 3584K, reserved 1048576K
}
Event: 6.200 GC heap after
{Heap after GC invocations=11 (full 0):
 garbage-first heap   total 45056K, used 14676K [0x0000000090c00000, 0x0000000100000000)
  region size 1024K, 2 young (2048K), 2 survivors (2048K)
 Metaspace       used 29049K, capacity 29618K, committed 29696K, reserved 1075200K
  class space    used 3371K, capacity 3577K, committed 3584K, reserved 1048576K
}
Event: 6.979 GC heap before
{Heap before GC invocations=11 (full 0):
 garbage-first heap   total 45056K, used 35156K [0x0000000090c00000, 0x0000000100000000)
  region size 1024K, 22 young (22528K), 2 survivors (2048K)
 Metaspace       used 30270K, capacity 30948K, committed 31232K, reserved 1077248K
  class space    used 3505K, capacity 3756K, committed 3840K, reserved 1048576K
}
Event: 6.984 GC heap after
{Heap after GC invocations=12 (full 0):
 garbage-first heap   total 45056K, used 15536K [0x0000000090c00000, 0x0000000100000000)
  region size 1024K, 3 young (3072K), 3 survivors (3072K)
 Metaspace       used 30270K, capacity 30948K, committed 31232K, reserved 1077248K
  class space    used 3505K, capacity 3756K, committed 3840K, reserved 1048576K
}
Event: 7.487 GC heap before
{Heap before GC invocations=12 (full 0):
 garbage-first heap   total 45056K, used 34992K [0x0000000090c00000, 0x0000000100000000)
  region size 1024K, 22 young (22528K), 3 survivors (3072K)
 Metaspace       used 30873K, capacity 31572K, committed 31744K, reserved 1077248K
  class space    used 3579K, capacity 3809K, committed 3840K, reserved 1048576K
}
Event: 7.493 GC heap after
{Heap after GC invocations=13 (full 0):
 garbage-first heap   total 45056K, used 16308K [0x0000000090c00000, 0x0000000100000000)
  region size 1024K, 2 young (2048K), 2 survivors (2048K)
 Metaspace       used 30873K, capacity 31572K, committed 31744K, reserved 1077248K
  class space    used 3579K, capacity 3809K, committed 3840K, reserved 1048576K
}
Event: 8.187 GC heap before
{Heap before GC invocations=13 (full 0):
 garbage-first heap   total 45056K, used 35764K [0x0000000090c00000, 0x0000000100000000)
  region size 1024K, 21 young (21504K), 2 survivors (2048K)
 Metaspace       used 32526K, capacity 33269K, committed 33536K, reserved 1079296K
  class space    used 3808K, capacity 4072K, committed 4096K, reserved 1048576K
}
Event: 8.194 GC heap after
{Heap after GC invocations=14 (full 0):
 garbage-first heap   total 45056K, used 17380K [0x0000000090c00000, 0x0000000100000000)
  region size 1024K, 2 young (2048K), 2 survivors (2048K)
 Metaspace       used 32526K, capacity 33269K, committed 33536K, reserved 1079296K
  class space    used 3808K, capacity 4072K, committed 4096K, reserved 1048576K
}
Event: 8.966 GC heap before
{Heap before GC invocations=14 (full 0):
 garbage-first heap   total 45056K, used 35812K [0x0000000090c00000, 0x0000000100000000)
  region size 1024K, 20 young (20480K), 2 survivors (2048K)
 Metaspace       used 34195K, capacity 34949K, committed 35200K, reserved 1079296K
  class space    used 4122K, capacity 4437K, committed 4480K, reserved 1048576K
}
Event: 8.974 GC heap after
{Heap after GC invocations=15 (full 0):
 garbage-first heap   total 45056K, used 17737K [0x0000000090c00000, 0x0000000100000000)
  region size 1024K, 2 young (2048K), 2 survivors (2048K)
 Metaspace       used 34195K, capacity 34949K, committed 35200K, reserved 1079296K
  class space    used 4122K, capacity 4437K, committed 4480K, reserved 1048576K
}
Event: 9.381 GC heap before
{Heap before GC invocations=15 (full 0):
 garbage-first heap   total 45056K, used 24905K [0x0000000090c00000, 0x0000000100000000)
  region size 1024K, 10 young (10240K), 2 survivors (2048K)
 Metaspace       used 34991K, capacity 35812K, committed 35840K, reserved 1081344K
  class space    used 4258K, capacity 4580K, committed 4608K, reserved 1048576K
}
Event: 9.395 GC heap after
{Heap after GC invocations=16 (full 0):
 garbage-first heap   total 45056K, used 18041K [0x0000000090c00000, 0x0000000100000000)
  region size 1024K, 2 young (2048K), 2 survivors (2048K)
 Metaspace       used 34991K, capacity 35812K, committed 35840K, reserved 1081344K
  class space    used 4258K, capacity 4580K, committed 4608K, reserved 1048576K
}
Event: 10.286 GC heap before
{Heap before GC invocations=17 (full 0):
 garbage-first heap   total 45056K, used 36473K [0x0000000090c00000, 0x0000000100000000)
  region size 1024K, 20 young (20480K), 2 survivors (2048K)
 Metaspace       used 36507K, capacity 37346K, committed 37632K, reserved 1081344K
  class space    used 4484K, capacity 4813K, committed 4864K, reserved 1048576K
}
Event: 10.293 GC heap after
{Heap after GC invocations=18 (full 0):
 garbage-first heap   total 54272K, used 18955K [0x0000000090c00000, 0x0000000100000000)
  region size 1024K, 2 young (2048K), 2 survivors (2048K)
 Metaspace       used 36507K, capacity 37346K, committed 37632K, reserved 1081344K
  class space    used 4484K, capacity 4813K, committed 4864K, reserved 1048576K
}

